<?xml version="1.0" encoding="UTF-8"?>
<!-- Generated by org.testng.reporters.JUnitReportReporter -->
<testsuite skipped="0" hostname="DESKTOP-ND2T3H1" name="testing.API.GetRequestAutomation" tests="1" failures="0" timestamp="2020-08-01T15:55:35 ICT" time="268.576" errors="0">
  <testcase name="ApiTesting" time="268.576" classname="testing.API.GetRequestAutomation"/>
  <system-out/>
</testsuite> <!-- testing.API.GetRequestAutomation -->
