<?xml version="1.0" encoding="UTF-8"?>
<!-- Generated by org.testng.reporters.JUnitReportReporter -->
<testsuite skipped="0" hostname="DESKTOP-TE5RPJP" name="testing.API.GetRequestAutomation" tests="1" failures="0" timestamp="2020-07-31T16:39:04 ICT" time="82.052" errors="0">
  <testcase name="ApiTesting" time="82.052" classname="testing.API.GetRequestAutomation"/>
  <system-out/>
</testsuite> <!-- testing.API.GetRequestAutomation -->
