<?xml version="1.0" encoding="UTF-8"?>
<!-- Generated by org.testng.reporters.JUnitReportReporter -->
<testsuite skipped="0" hostname="Jimbis-MacBook-Pro.local" name="testing.API.GetRequestAutomation" tests="1" failures="0" timestamp="2020-07-11T20:40:39 ICT" time="190.586" errors="0">
  <testcase name="ApiTesting" time="190.586" classname="testing.API.GetRequestAutomation"/>
  <system-out/>
</testsuite> <!-- testing.API.GetRequestAutomation -->
