<?xml version="1.0" encoding="UTF-8"?>
<!-- Generated by org.testng.reporters.JUnitReportReporter -->
<testsuite skipped="0" hostname="Jimbis-MacBook-Pro.local" name="testing.API.GetRequestAutomation" tests="1" failures="0" timestamp="2020-07-31T09:53:00 ICT" time="133.568" errors="0">
  <testcase name="ApiTesting" time="133.568" classname="testing.API.GetRequestAutomation"/>
  <system-out/>
</testsuite> <!-- testing.API.GetRequestAutomation -->
